rsync: [sender] link_stat "/storage/emulated/0/WhatsApp/Media/WhatsApp" failed: No such file or directory (2)
rsync error: some files/attrs were not transferred (see previous errors) (code 23) at main.c(1338) [sender=3.4.1]
rsync: [sender] link_stat "/storage/emulated/0/WhatsApp/Media/WhatsApp" failed: No such file or directory (2)
rsync error: some files/attrs were not transferred (see previous errors) (code 23) at main.c(1338) [sender=3.4.1]
rsync: [sender] link_stat "/data/data/com.termux/files/home/backup-180/Images/Sent/.nomedia" failed: No such file or directory (2)
rsync error: some files/attrs were not transferred (see previous errors) (code 23) at main.c(1338) [sender=3.4.1]
rsync: [sender] link_stat "/storage/emulated/0/WhatsApp/Media/WhatsApp" failed: No such file or directory (2)
rsync error: some files/attrs were not transferred (see previous errors) (code 23) at main.c(1338) [sender=3.4.1]
rsync: [sender] link_stat "/storage/emulated/0/WhatsApp/Media/WhatsApp" failed: No such file or directory (2)
rsync error: some files/attrs were not transferred (see previous errors) (code 23) at main.c(1338) [sender=3.4.1]
rsync: [sender] link_stat "/storage/emulated/0/WhatsApp/Media/WhatsApp" failed: No such file or directory (2)
rsync error: some files/attrs were not transferred (see previous errors) (code 23) at main.c(1338) [sender=3.4.1]
rsync: [sender] link_stat "/storage/emulated/0/WhatsApp/Media/WhatsApp" failed: No such file or directory (2)
rsync error: some files/attrs were not transferred (see previous errors) (code 23) at main.c(1338) [sender=3.4.1]
rsync: [sender] link_stat "/storage/emulated/0/WhatsApp/Media/WhatsApp" failed: No such file or directory (2)
rsync error: some files/attrs were not transferred (see previous errors) (code 23) at main.c(1338) [sender=3.4.1]
rsync: [sender] link_stat "/storage/emulated/0/WhatsApp/Media/WhatsApp" failed: No such file or directory (2)
rsync error: some files/attrs were not transferred (see previous errors) (code 23) at main.c(1338) [sender=3.4.1]
rsync: [sender] link_stat "/data/data/com.termux/files/home/backup-180/Images/Private/.nomedia" failed: No such file or directory (2)
rsync error: some files/attrs were not transferred (see previous errors) (code 23) at main.c(1338) [sender=3.4.1]
rsync: [sender] link_stat "/storage/emulated/0/WhatsApp/Media/WhatsApp" failed: No such file or directory (2)
rsync error: some files/attrs were not transferred (see previous errors) (code 23) at main.c(1338) [sender=3.4.1]
rsync: [sender] link_stat "/storage/emulated/0/WhatsApp/Media/WhatsApp" failed: No such file or directory (2)
rsync error: some files/attrs were not transferred (see previous errors) (code 23) at main.c(1338) [sender=3.4.1]
rsync: [sender] link_stat "/storage/emulated/0/WhatsApp/Media/WhatsApp" failed: No such file or directory (2)
rsync error: some files/attrs were not transferred (see previous errors) (code 23) at main.c(1338) [sender=3.4.1]
rsync: [sender] link_stat "/storage/emulated/0/WhatsApp/Media/WhatsApp" failed: No such file or directory (2)
rsync error: some files/attrs were not transferred (see previous errors) (code 23) at main.c(1338) [sender=3.4.1]
rsync: [sender] link_stat "/storage/emulated/0/WhatsApp/Media/WhatsApp" failed: No such file or directory (2)
rsync error: some files/attrs were not transferred (see previous errors) (code 23) at main.c(1338) [sender=3.4.1]
rsync: [sender] link_stat "/storage/emulated/0/WhatsApp/Media/WhatsApp" failed: No such file or directory (2)
rsync error: some files/attrs were not transferred (see previous errors) (code 23) at main.c(1338) [sender=3.4.1]
rsync: [sender] link_stat "/storage/emulated/0/WhatsApp/Media/WhatsApp" failed: No such file or directory (2)
rsync error: some files/attrs were not transferred (see previous errors) (code 23) at main.c(1338) [sender=3.4.1]
rsync: [sender] link_stat "/storage/emulated/0/WhatsApp/Media/WhatsApp" failed: No such file or directory (2)
rsync error: some files/attrs were not transferred (see previous errors) (code 23) at main.c(1338) [sender=3.4.1]
rsync: [sender] link_stat "/storage/emulated/0/WhatsApp/Media/WhatsApp" failed: No such file or directory (2)
rsync error: some files/attrs were not transferred (see previous errors) (code 23) at main.c(1338) [sender=3.4.1]
rsync: [sender] link_stat "/storage/emulated/0/WhatsApp/Media/WhatsApp" failed: No such file or directory (2)
rsync error: some files/attrs were not transferred (see previous errors) (code 23) at main.c(1338) [sender=3.4.1]
rsync: [sender] link_stat "/storage/emulated/0/WhatsApp/Media/WhatsApp" failed: No such file or directory (2)
rsync error: some files/attrs were not transferred (see previous errors) (code 23) at main.c(1338) [sender=3.4.1]
rsync: [sender] link_stat "/storage/emulated/0/WhatsApp/Media/WhatsApp" failed: No such file or directory (2)
rsync error: some files/attrs were not transferred (see previous errors) (code 23) at main.c(1338) [sender=3.4.1]
rsync: [sender] link_stat "/storage/emulated/0/WhatsApp/Media/WhatsApp" failed: No such file or directory (2)
rsync error: some files/attrs were not transferred (see previous errors) (code 23) at main.c(1338) [sender=3.4.1]
rsync: [sender] link_stat "/storage/emulated/0/WhatsApp/Media/WhatsApp" failed: No such file or directory (2)
rsync error: some files/attrs were not transferred (see previous errors) (code 23) at main.c(1338) [sender=3.4.1]
rsync: [sender] link_stat "/storage/emulated/0/WhatsApp/Media/WhatsApp" failed: No such file or directory (2)
rsync error: some files/attrs were not transferred (see previous errors) (code 23) at main.c(1338) [sender=3.4.1]
rsync: [sender] link_stat "/storage/emulated/0/WhatsApp/Media/WhatsApp" failed: No such file or directory (2)
rsync error: some files/attrs were not transferred (see previous errors) (code 23) at main.c(1338) [sender=3.4.1]
rsync: [sender] link_stat "/storage/emulated/0/WhatsApp/Media/WhatsApp" failed: No such file or directory (2)
rsync error: some files/attrs were not transferred (see previous errors) (code 23) at main.c(1338) [sender=3.4.1]
rsync: [sender] link_stat "/storage/emulated/0/WhatsApp/Media/WhatsApp" failed: No such file or directory (2)
rsync error: some files/attrs were not transferred (see previous errors) (code 23) at main.c(1338) [sender=3.4.1]
rsync: [sender] link_stat "/storage/emulated/0/WhatsApp/Media/WhatsApp" failed: No such file or directory (2)
rsync error: some files/attrs were not transferred (see previous errors) (code 23) at main.c(1338) [sender=3.4.1]
rsync: [sender] link_stat "/storage/emulated/0/WhatsApp/Media/WhatsApp" failed: No such file or directory (2)
rsync error: some files/attrs were not transferred (see previous errors) (code 23) at main.c(1338) [sender=3.4.1]
rsync: [sender] link_stat "/storage/emulated/0/WhatsApp/Media/WhatsApp" failed: No such file or directory (2)
rsync error: some files/attrs were not transferred (see previous errors) (code 23) at main.c(1338) [sender=3.4.1]
rsync: [sender] link_stat "/storage/emulated/0/WhatsApp/Media/WhatsApp" failed: No such file or directory (2)
rsync error: some files/attrs were not transferred (see previous errors) (code 23) at main.c(1338) [sender=3.4.1]
rsync: [sender] link_stat "/storage/emulated/0/WhatsApp/Media/WhatsApp" failed: No such file or directory (2)
rsync error: some files/attrs were not transferred (see previous errors) (code 23) at main.c(1338) [sender=3.4.1]
rsync: [sender] link_stat "/storage/emulated/0/WhatsApp/Media/WhatsApp" failed: No such file or directory (2)
rsync error: some files/attrs were not transferred (see previous errors) (code 23) at main.c(1338) [sender=3.4.1]
rsync: [sender] link_stat "/storage/emulated/0/WhatsApp/Media/WhatsApp" failed: No such file or directory (2)
rsync error: some files/attrs were not transferred (see previous errors) (code 23) at main.c(1338) [sender=3.4.1]
rsync: [sender] link_stat "/storage/emulated/0/WhatsApp/Media/WhatsApp" failed: No such file or directory (2)
rsync error: some files/attrs were not transferred (see previous errors) (code 23) at main.c(1338) [sender=3.4.1]
rsync: [sender] link_stat "/storage/emulated/0/WhatsApp/Media/WhatsApp" failed: No such file or directory (2)
rsync error: some files/attrs were not transferred (see previous errors) (code 23) at main.c(1338) [sender=3.4.1]
rsync: [sender] link_stat "/storage/emulated/0/WhatsApp/Media/WhatsApp" failed: No such file or directory (2)
rsync error: some files/attrs were not transferred (see previous errors) (code 23) at main.c(1338) [sender=3.4.1]
rsync: [sender] link_stat "/storage/emulated/0/WhatsApp/Media/WhatsApp" failed: No such file or directory (2)
rsync error: some files/attrs were not transferred (see previous errors) (code 23) at main.c(1338) [sender=3.4.1]
rsync: [sender] link_stat "/storage/emulated/0/WhatsApp/Media/WhatsApp" failed: No such file or directory (2)
rsync error: some files/attrs were not transferred (see previous errors) (code 23) at main.c(1338) [sender=3.4.1]
rsync: [sender] link_stat "/storage/emulated/0/WhatsApp/Media/WhatsApp" failed: No such file or directory (2)
rsync error: some files/attrs were not transferred (see previous errors) (code 23) at main.c(1338) [sender=3.4.1]
rsync: [sender] link_stat "/storage/emulated/0/WhatsApp/Media/WhatsApp" failed: No such file or directory (2)
rsync error: some files/attrs were not transferred (see previous errors) (code 23) at main.c(1338) [sender=3.4.1]
rsync: [sender] link_stat "/storage/emulated/0/WhatsApp/Media/WhatsApp" failed: No such file or directory (2)
rsync error: some files/attrs were not transferred (see previous errors) (code 23) at main.c(1338) [sender=3.4.1]
rsync: [sender] link_stat "/storage/emulated/0/WhatsApp/Media/WhatsApp" failed: No such file or directory (2)
rsync error: some files/attrs were not transferred (see previous errors) (code 23) at main.c(1338) [sender=3.4.1]
rsync: [sender] link_stat "/storage/emulated/0/WhatsApp/Media/WhatsApp" failed: No such file or directory (2)
rsync error: some files/attrs were not transferred (see previous errors) (code 23) at main.c(1338) [sender=3.4.1]
rsync: [sender] link_stat "/data/data/com.termux/files/home/backup-180/Audio/Sent/.nomedia" failed: No such file or directory (2)
rsync error: some files/attrs were not transferred (see previous errors) (code 23) at main.c(1338) [sender=3.4.1]
rsync: [sender] link_stat "/storage/emulated/0/WhatsApp/Media/WhatsApp" failed: No such file or directory (2)
rsync error: some files/attrs were not transferred (see previous errors) (code 23) at main.c(1338) [sender=3.4.1]
rsync: [sender] link_stat "/data/data/com.termux/files/home/backup-180/Audio/Private/.nomedia" failed: No such file or directory (2)
rsync error: some files/attrs were not transferred (see previous errors) (code 23) at main.c(1338) [sender=3.4.1]
rsync: [sender] link_stat "/storage/emulated/0/WhatsApp/Media/WhatsApp" failed: No such file or directory (2)
rsync error: some files/attrs were not transferred (see previous errors) (code 23) at main.c(1338) [sender=3.4.1]
rsync: [sender] link_stat "/data/data/com.termux/files/home/backup-180/Animated" failed: No such file or directory (2)
rsync error: some files/attrs were not transferred (see previous errors) (code 23) at main.c(1338) [sender=3.4.1]
rsync: [sender] link_stat "/data/data/com.termux/files/home/backup-180/Gifs/Sent/.nomedia" failed: No such file or directory (2)
rsync error: some files/attrs were not transferred (see previous errors) (code 23) at main.c(1338) [sender=3.4.1]
rsync: [sender] link_stat "/storage/emulated/0/WhatsApp/Media/WhatsApp" failed: No such file or directory (2)
rsync error: some files/attrs were not transferred (see previous errors) (code 23) at main.c(1338) [sender=3.4.1]
rsync: [sender] link_stat "/data/data/com.termux/files/home/backup-180/Animated" failed: No such file or directory (2)
rsync error: some files/attrs were not transferred (see previous errors) (code 23) at main.c(1338) [sender=3.4.1]
rsync: [sender] link_stat "/storage/emulated/0/WhatsApp/Media/WhatsApp" failed: No such file or directory (2)
rsync error: some files/attrs were not transferred (see previous errors) (code 23) at main.c(1338) [sender=3.4.1]
rsync: [sender] link_stat "/data/data/com.termux/files/home/backup-180/Animated" failed: No such file or directory (2)
rsync error: some files/attrs were not transferred (see previous errors) (code 23) at main.c(1338) [sender=3.4.1]
rsync: [sender] link_stat "/storage/emulated/0/WhatsApp/Media/WhatsApp" failed: No such file or directory (2)
rsync error: some files/attrs were not transferred (see previous errors) (code 23) at main.c(1338) [sender=3.4.1]
rsync: [sender] link_stat "/data/data/com.termux/files/home/backup-180/Animated" failed: No such file or directory (2)
rsync error: some files/attrs were not transferred (see previous errors) (code 23) at main.c(1338) [sender=3.4.1]
rsync: [sender] link_stat "/storage/emulated/0/WhatsApp/Media/WhatsApp" failed: No such file or directory (2)
rsync error: some files/attrs were not transferred (see previous errors) (code 23) at main.c(1338) [sender=3.4.1]
rsync: [sender] link_stat "/data/data/com.termux/files/home/backup-180/Animated" failed: No such file or directory (2)
rsync error: some files/attrs were not transferred (see previous errors) (code 23) at main.c(1338) [sender=3.4.1]
rsync: [sender] link_stat "/data/data/com.termux/files/home/backup-180/Gifs/Private/.nomedia" failed: No such file or directory (2)
rsync error: some files/attrs were not transferred (see previous errors) (code 23) at main.c(1338) [sender=3.4.1]
rsync: [sender] link_stat "/storage/emulated/0/WhatsApp/Media/WhatsApp" failed: No such file or directory (2)
rsync error: some files/attrs were not transferred (see previous errors) (code 23) at main.c(1338) [sender=3.4.1]
rsync: [sender] link_stat "/data/data/com.termux/files/home/backup-180/Animated" failed: No such file or directory (2)
rsync error: some files/attrs were not transferred (see previous errors) (code 23) at main.c(1338) [sender=3.4.1]
rsync: [sender] link_stat "/data/data/com.termux/files/home/backup-180/Gifs/VID-20231130-WA0022" failed: No such file or directory (2)
rsync error: some files/attrs were not transferred (see previous errors) (code 23) at main.c(1338) [sender=3.4.1]
rsync: [sender] link_stat "/storage/emulated/0/WhatsApp/Media/WhatsApp" failed: No such file or directory (2)
rsync error: some files/attrs were not transferred (see previous errors) (code 23) at main.c(1338) [sender=3.4.1]
rsync: [sender] link_stat "/data/data/com.termux/files/home/backup-180/Animated" failed: No such file or directory (2)
rsync error: some files/attrs were not transferred (see previous errors) (code 23) at main.c(1338) [sender=3.4.1]
rsync: [sender] link_stat "/data/data/com.termux/files/home/backup-180/Gifs/VID-20231207-WA0016" failed: No such file or directory (2)
rsync error: some files/attrs were not transferred (see previous errors) (code 23) at main.c(1338) [sender=3.4.1]
rsync: [sender] link_stat "/storage/emulated/0/WhatsApp/Media/WhatsApp" failed: No such file or directory (2)
rsync error: some files/attrs were not transferred (see previous errors) (code 23) at main.c(1338) [sender=3.4.1]
rsync: [sender] link_stat "/data/data/com.termux/files/home/backup-180/Voice" failed: No such file or directory (2)
rsync error: some files/attrs were not transferred (see previous errors) (code 23) at main.c(1338) [sender=3.4.1]
rsync: [sender] link_stat "/data/data/com.termux/files/home/backup-180/Notes/.nomedia" failed: No such file or directory (2)
rsync error: some files/attrs were not transferred (see previous errors) (code 23) at main.c(1338) [sender=3.4.1]
rsync: [sender] link_stat "/storage/emulated/0/WhatsApp/Media/WhatsApp" failed: No such file or directory (2)
rsync error: some files/attrs were not transferred (see previous errors) (code 23) at main.c(1338) [sender=3.4.1]
rsync: [sender] link_stat "/data/data/com.termux/files/home/backup-180/Voice" failed: No such file or directory (2)
rsync error: some files/attrs were not transferred (see previous errors) (code 23) at main.c(1338) [sender=3.4.1]
rsync: [sender] link_stat "/data/data/com.termux/files/home/backup-180/Notes/202332/.nomedia" failed: No such file or directory (2)
rsync error: some files/attrs were not transferred (see previous errors) (code 23) at main.c(1338) [sender=3.4.1]
rsync: [sender] link_stat "/storage/emulated/0/WhatsApp/Media/WhatsApp" failed: No such file or directory (2)
rsync error: some files/attrs were not transferred (see previous errors) (code 23) at main.c(1338) [sender=3.4.1]
rsync: [sender] link_stat "/data/data/com.termux/files/home/backup-180/Voice" failed: No such file or directory (2)
rsync error: some files/attrs were not transferred (see previous errors) (code 23) at main.c(1338) [sender=3.4.1]
rsync: [sender] link_stat "/storage/emulated/0/WhatsApp/Media/WhatsApp" failed: No such file or directory (2)
rsync error: some files/attrs were not transferred (see previous errors) (code 23) at main.c(1338) [sender=3.4.1]
rsync: [sender] link_stat "/data/data/com.termux/files/home/backup-180/Voice" failed: No such file or directory (2)
rsync error: some files/attrs were not transferred (see previous errors) (code 23) at main.c(1338) [sender=3.4.1]
rsync: [sender] link_stat "/storage/emulated/0/WhatsApp/Media/WhatsApp" failed: No such file or directory (2)
rsync error: some files/attrs were not transferred (see previous errors) (code 23) at main.c(1338) [sender=3.4.1]
rsync: [sender] link_stat "/data/data/com.termux/files/home/backup-180/Voice" failed: No such file or directory (2)
rsync error: some files/attrs were not transferred (see previous errors) (code 23) at main.c(1338) [sender=3.4.1]
rsync: [sender] link_stat "/data/data/com.termux/files/home/backup-180/Notes/202342/.nomedia" failed: No such file or directory (2)
rsync error: some files/attrs were not transferred (see previous errors) (code 23) at main.c(1338) [sender=3.4.1]
rsync: [sender] link_stat "/storage/emulated/0/WhatsApp/Media/WhatsApp" failed: No such file or directory (2)
rsync error: some files/attrs were not transferred (see previous errors) (code 23) at main.c(1338) [sender=3.4.1]
rsync: [sender] link_stat "/data/data/com.termux/files/home/backup-180/Voice" failed: No such file or directory (2)
rsync error: some files/attrs were not transferred (see previous errors) (code 23) at main.c(1338) [sender=3.4.1]
rsync: [sender] link_stat "/data/data/com.termux/files/home/backup-180/Notes/202346/.nomedia" failed: No such file or directory (2)
rsync error: some files/attrs were not transferred (see previous errors) (code 23) at main.c(1338) [sender=3.4.1]
rsync: [sender] link_stat "/storage/emulated/0/WhatsApp/Media/WhatsApp" failed: No such file or directory (2)
rsync error: some files/attrs were not transferred (see previous errors) (code 23) at main.c(1338) [sender=3.4.1]
rsync: [sender] link_stat "/data/data/com.termux/files/home/backup-180/Voice" failed: No such file or directory (2)
rsync error: some files/attrs were not transferred (see previous errors) (code 23) at main.c(1338) [sender=3.4.1]
rsync: [sender] link_stat "/data/data/com.termux/files/home/backup-180/Notes/202349/.nomedia" failed: No such file or directory (2)
rsync error: some files/attrs were not transferred (see previous errors) (code 23) at main.c(1338) [sender=3.4.1]
rsync: [sender] link_stat "/storage/emulated/0/WhatsApp/Media/WhatsApp" failed: No such file or directory (2)
rsync error: some files/attrs were not transferred (see previous errors) (code 23) at main.c(1338) [sender=3.4.1]
rsync: [sender] link_stat "/data/data/com.termux/files/home/backup-180/Voice" failed: No such file or directory (2)
rsync error: some files/attrs were not transferred (see previous errors) (code 23) at main.c(1338) [sender=3.4.1]
rsync: [sender] link_stat "/data/data/com.termux/files/home/backup-180/Notes/202420/.nomedia" failed: No such file or directory (2)
rsync error: some files/attrs were not transferred (see previous errors) (code 23) at main.c(1338) [sender=3.4.1]
rsync: [sender] link_stat "/storage/emulated/0/WhatsApp/Media/WhatsApp" failed: No such file or directory (2)
rsync error: some files/attrs were not transferred (see previous errors) (code 23) at main.c(1338) [sender=3.4.1]
rsync: [sender] link_stat "/data/data/com.termux/files/home/backup-180/Voice" failed: No such file or directory (2)
rsync error: some files/attrs were not transferred (see previous errors) (code 23) at main.c(1338) [sender=3.4.1]
rsync: [sender] link_stat "/storage/emulated/0/WhatsApp/Media/WhatsApp" failed: No such file or directory (2)
rsync error: some files/attrs were not transferred (see previous errors) (code 23) at main.c(1338) [sender=3.4.1]
rsync: [sender] link_stat "/data/data/com.termux/files/home/backup-180/Voice" failed: No such file or directory (2)
rsync error: some files/attrs were not transferred (see previous errors) (code 23) at main.c(1338) [sender=3.4.1]
rsync: [sender] link_stat "/storage/emulated/0/WhatsApp/Media/WhatsApp" failed: No such file or directory (2)
rsync error: some files/attrs were not transferred (see previous errors) (code 23) at main.c(1338) [sender=3.4.1]
rsync: [sender] link_stat "/data/data/com.termux/files/home/backup-180/Voice" failed: No such file or directory (2)
rsync error: some files/attrs were not transferred (see previous errors) (code 23) at main.c(1338) [sender=3.4.1]
rsync: [sender] link_stat "/data/data/com.termux/files/home/backup-180/Notes/202424/.nomedia" failed: No such file or directory (2)
rsync error: some files/attrs were not transferred (see previous errors) (code 23) at main.c(1338) [sender=3.4.1]
rsync: [sender] link_stat "/storage/emulated/0/WhatsApp/Media/WhatsApp" failed: No such file or directory (2)
rsync error: some files/attrs were not transferred (see previous errors) (code 23) at main.c(1338) [sender=3.4.1]
rsync: [sender] link_stat "/data/data/com.termux/files/home/backup-180/Voice" failed: No such file or directory (2)
rsync error: some files/attrs were not transferred (see previous errors) (code 23) at main.c(1338) [sender=3.4.1]
rsync: [sender] link_stat "/storage/emulated/0/WhatsApp/Media/WhatsApp" failed: No such file or directory (2)
rsync error: some files/attrs were not transferred (see previous errors) (code 23) at main.c(1338) [sender=3.4.1]
rsync: [sender] link_stat "/data/data/com.termux/files/home/backup-180/Voice" failed: No such file or directory (2)
rsync error: some files/attrs were not transferred (see previous errors) (code 23) at main.c(1338) [sender=3.4.1]
rsync: [sender] link_stat "/storage/emulated/0/WhatsApp/Media/WhatsApp" failed: No such file or directory (2)
rsync error: some files/attrs were not transferred (see previous errors) (code 23) at main.c(1338) [sender=3.4.1]
rsync: [sender] link_stat "/data/data/com.termux/files/home/backup-180/Voice" failed: No such file or directory (2)
rsync error: some files/attrs were not transferred (see previous errors) (code 23) at main.c(1338) [sender=3.4.1]
rsync: [sender] link_stat "/storage/emulated/0/WhatsApp/Media/WhatsApp" failed: No such file or directory (2)
rsync error: some files/attrs were not transferred (see previous errors) (code 23) at main.c(1338) [sender=3.4.1]
rsync: [sender] link_stat "/data/data/com.termux/files/home/backup-180/Voice" failed: No such file or directory (2)
rsync error: some files/attrs were not transferred (see previous errors) (code 23) at main.c(1338) [sender=3.4.1]
rsync: [sender] link_stat "/storage/emulated/0/WhatsApp/Media/WhatsApp" failed: No such file or directory (2)
rsync error: some files/attrs were not transferred (see previous errors) (code 23) at main.c(1338) [sender=3.4.1]
rsync: [sender] link_stat "/data/data/com.termux/files/home/backup-180/Voice" failed: No such file or directory (2)
rsync error: some files/attrs were not transferred (see previous errors) (code 23) at main.c(1338) [sender=3.4.1]
rsync: [sender] link_stat "/storage/emulated/0/WhatsApp/Media/WhatsApp" failed: No such file or directory (2)
rsync error: some files/attrs were not transferred (see previous errors) (code 23) at main.c(1338) [sender=3.4.1]
rsync: [sender] link_stat "/data/data/com.termux/files/home/backup-180/Voice" failed: No such file or directory (2)
rsync error: some files/attrs were not transferred (see previous errors) (code 23) at main.c(1338) [sender=3.4.1]
rsync: [sender] link_stat "/storage/emulated/0/WhatsApp/Media/WhatsApp" failed: No such file or directory (2)
rsync error: some files/attrs were not transferred (see previous errors) (code 23) at main.c(1338) [sender=3.4.1]
rsync: [sender] link_stat "/data/data/com.termux/files/home/backup-180/Voice" failed: No such file or directory (2)
rsync error: some files/attrs were not transferred (see previous errors) (code 23) at main.c(1338) [sender=3.4.1]
rsync: [sender] link_stat "/data/data/com.termux/files/home/backup-180/Notes/202448/.nomedia" failed: No such file or directory (2)
rsync error: some files/attrs were not transferred (see previous errors) (code 23) at main.c(1338) [sender=3.4.1]
rsync: [sender] link_stat "/storage/emulated/0/WhatsApp/Media/WhatsApp" failed: No such file or directory (2)
rsync error: some files/attrs were not transferred (see previous errors) (code 23) at main.c(1338) [sender=3.4.1]
rsync: [sender] link_stat "/data/data/com.termux/files/home/backup-180/Voice" failed: No such file or directory (2)
rsync error: some files/attrs were not transferred (see previous errors) (code 23) at main.c(1338) [sender=3.4.1]
rsync: [sender] link_stat "/storage/emulated/0/WhatsApp/Media/WhatsApp" failed: No such file or directory (2)
rsync error: some files/attrs were not transferred (see previous errors) (code 23) at main.c(1338) [sender=3.4.1]
rsync: [sender] link_stat "/data/data/com.termux/files/home/backup-180/Voice" failed: No such file or directory (2)
rsync error: some files/attrs were not transferred (see previous errors) (code 23) at main.c(1338) [sender=3.4.1]
rsync: [sender] link_stat "/storage/emulated/0/WhatsApp/Media/WhatsApp" failed: No such file or directory (2)
rsync error: some files/attrs were not transferred (see previous errors) (code 23) at main.c(1338) [sender=3.4.1]
rsync: [sender] link_stat "/data/data/com.termux/files/home/backup-180/Voice" failed: No such file or directory (2)
rsync error: some files/attrs were not transferred (see previous errors) (code 23) at main.c(1338) [sender=3.4.1]
rsync: [sender] link_stat "/storage/emulated/0/WhatsApp/Media/WhatsApp" failed: No such file or directory (2)
rsync error: some files/attrs were not transferred (see previous errors) (code 23) at main.c(1338) [sender=3.4.1]
rsync: [sender] link_stat "/data/data/com.termux/files/home/backup-180/Voice" failed: No such file or directory (2)
rsync error: some files/attrs were not transferred (see previous errors) (code 23) at main.c(1338) [sender=3.4.1]
rsync: [sender] link_stat "/storage/emulated/0/WhatsApp/Media/WhatsApp" failed: No such file or directory (2)
rsync error: some files/attrs were not transferred (see previous errors) (code 23) at main.c(1338) [sender=3.4.1]
rsync: [sender] link_stat "/data/data/com.termux/files/home/backup-180/Voice" failed: No such file or directory (2)
rsync error: some files/attrs were not transferred (see previous errors) (code 23) at main.c(1338) [sender=3.4.1]
rsync: [sender] link_stat "/data/data/com.termux/files/home/backup-180/Notes/202506/.nomedia" failed: No such file or directory (2)
rsync error: some files/attrs were not transferred (see previous errors) (code 23) at main.c(1338) [sender=3.4.1]
rsync: [sender] link_stat "/storage/emulated/0/WhatsApp/Media/WhatsApp" failed: No such file or directory (2)
rsync error: some files/attrs were not transferred (see previous errors) (code 23) at main.c(1338) [sender=3.4.1]
rsync: [sender] link_stat "/data/data/com.termux/files/home/backup-180/Video/Sent/.nomedia" failed: No such file or directory (2)
rsync error: some files/attrs were not transferred (see previous errors) (code 23) at main.c(1338) [sender=3.4.1]
rsync: [sender] link_stat "/storage/emulated/0/WhatsApp/Media/WhatsApp" failed: No such file or directory (2)
rsync error: some files/attrs were not transferred (see previous errors) (code 23) at main.c(1338) [sender=3.4.1]
rsync: [sender] link_stat "/storage/emulated/0/WhatsApp/Media/WhatsApp" failed: No such file or directory (2)
rsync error: some files/attrs were not transferred (see previous errors) (code 23) at main.c(1338) [sender=3.4.1]
rsync: [sender] link_stat "/storage/emulated/0/WhatsApp/Media/WhatsApp" failed: No such file or directory (2)
rsync error: some files/attrs were not transferred (see previous errors) (code 23) at main.c(1338) [sender=3.4.1]
rsync: [sender] link_stat "/data/data/com.termux/files/home/backup-180/Video/Private/.nomedia" failed: No such file or directory (2)
rsync error: some files/attrs were not transferred (see previous errors) (code 23) at main.c(1338) [sender=3.4.1]
rsync: [sender] link_stat "/storage/emulated/0/WhatsApp/Media/WhatsApp" failed: No such file or directory (2)
rsync error: some files/attrs were not transferred (see previous errors) (code 23) at main.c(1338) [sender=3.4.1]
rsync: [sender] link_stat "/storage/emulated/0/WhatsApp/Media/WhatsApp" failed: No such file or directory (2)
rsync error: some files/attrs were not transferred (see previous errors) (code 23) at main.c(1338) [sender=3.4.1]
rsync: [sender] link_stat "/data/data/com.termux/files/home/backup-180/Documents/Sent/.nomedia" failed: No such file or directory (2)
rsync error: some files/attrs were not transferred (see previous errors) (code 23) at main.c(1338) [sender=3.4.1]
rsync: [sender] link_stat "/storage/emulated/0/WhatsApp/Media/WhatsApp" failed: No such file or directory (2)
rsync error: some files/attrs were not transferred (see previous errors) (code 23) at main.c(1338) [sender=3.4.1]
rsync: [sender] link_stat "/data/data/com.termux/files/home/backup-180/Documents/Sent/DOC-20250306-WA0001." failed: No such file or directory (2)
rsync error: some files/attrs were not transferred (see previous errors) (code 23) at main.c(1338) [sender=3.4.1]
rsync: [sender] link_stat "/storage/emulated/0/WhatsApp/Media/WhatsApp" failed: No such file or directory (2)
rsync error: some files/attrs were not transferred (see previous errors) (code 23) at main.c(1338) [sender=3.4.1]
rsync: [sender] link_stat "/data/data/com.termux/files/home/backup-180/Documents/Private/.nomedia" failed: No such file or directory (2)
rsync error: some files/attrs were not transferred (see previous errors) (code 23) at main.c(1338) [sender=3.4.1]
rsync: [sender] link_stat "/storage/emulated/0/WhatsApp/Media/WhatsApp" failed: No such file or directory (2)
rsync error: some files/attrs were not transferred (see previous errors) (code 23) at main.c(1338) [sender=3.4.1]
rsync: [sender] link_stat "/data/data/com.termux/files/home/backup-180/Profile" failed: No such file or directory (2)
rsync error: some files/attrs were not transferred (see previous errors) (code 23) at main.c(1338) [sender=3.4.1]
rsync: [sender] link_stat "/data/data/com.termux/files/home/backup-180/Photos/+91" failed: No such file or directory (2)
rsync error: some files/attrs were not transferred (see previous errors) (code 23) at main.c(1338) [sender=3.4.1]
rsync: [sender] link_stat "/data/data/com.termux/files/home/backup-180/99536" failed: No such file or directory (2)
rsync error: some files/attrs were not transferred (see previous errors) (code 23) at main.c(1338) [sender=3.4.1]
rsync: [sender] link_stat "/data/data/com.termux/files/home/backup-180/84002" failed: No such file or directory (2)
rsync error: some files/attrs were not transferred (see previous errors) (code 23) at main.c(1338) [sender=3.4.1]
rsync: [sender] link_stat "/storage/emulated/0/WhatsApp/Media/WhatsApp" failed: No such file or directory (2)
rsync error: some files/attrs were not transferred (see previous errors) (code 23) at main.c(1338) [sender=3.4.1]
rsync: [sender] link_stat "/data/data/com.termux/files/home/backup-180/Profile" failed: No such file or directory (2)
rsync error: some files/attrs were not transferred (see previous errors) (code 23) at main.c(1338) [sender=3.4.1]
rsync: [sender] link_stat "/data/data/com.termux/files/home/backup-180/Photos/+91" failed: No such file or directory (2)
rsync error: some files/attrs were not transferred (see previous errors) (code 23) at main.c(1338) [sender=3.4.1]
rsync: [sender] link_stat "/data/data/com.termux/files/home/backup-180/99536" failed: No such file or directory (2)
rsync error: some files/attrs were not transferred (see previous errors) (code 23) at main.c(1338) [sender=3.4.1]
rsync: [sender] link_stat "/data/data/com.termux/files/home/backup-180/84002" failed: No such file or directory (2)
rsync error: some files/attrs were not transferred (see previous errors) (code 23) at main.c(1338) [sender=3.4.1]
rsync: [sender] link_stat "/storage/emulated/0/WhatsApp/Media/WhatsApp" failed: No such file or directory (2)
rsync error: some files/attrs were not transferred (see previous errors) (code 23) at main.c(1338) [sender=3.4.1]
rsync: [sender] link_stat "/data/data/com.termux/files/home/backup-180/Stickers/.nomedia" failed: No such file or directory (2)
rsync error: some files/attrs were not transferred (see previous errors) (code 23) at main.c(1338) [sender=3.4.1]
rsync: [sender] link_stat "/storage/emulated/0/WhatsApp/Media/WhatsApp" failed: No such file or directory (2)
rsync error: some files/attrs were not transferred (see previous errors) (code 23) at main.c(1338) [sender=3.4.1]
rsync: [sender] link_stat "/storage/emulated/0/WhatsApp/Media/WhatsApp" failed: No such file or directory (2)
rsync error: some files/attrs were not transferred (see previous errors) (code 23) at main.c(1338) [sender=3.4.1]
rsync: [sender] link_stat "/storage/emulated/0/WhatsApp/Media/WhatsApp" failed: No such file or directory (2)
rsync error: some files/attrs were not transferred (see previous errors) (code 23) at main.c(1338) [sender=3.4.1]
rsync: [sender] link_stat "/storage/emulated/0/WhatsApp/Media/WhatsApp" failed: No such file or directory (2)
rsync error: some files/attrs were not transferred (see previous errors) (code 23) at main.c(1338) [sender=3.4.1]
rsync: [sender] link_stat "/storage/emulated/0/WhatsApp/Media/WhatsApp" failed: No such file or directory (2)
rsync error: some files/attrs were not transferred (see previous errors) (code 23) at main.c(1338) [sender=3.4.1]
rsync: [sender] link_stat "/storage/emulated/0/WhatsApp/Media/WhatsApp" failed: No such file or directory (2)
rsync error: some files/attrs were not transferred (see previous errors) (code 23) at main.c(1338) [sender=3.4.1]
rsync: [sender] link_stat "/storage/emulated/0/WhatsApp/Media/WhatsApp" failed: No such file or directory (2)
rsync error: some files/attrs were not transferred (see previous errors) (code 23) at main.c(1338) [sender=3.4.1]
rsync: [sender] link_stat "/storage/emulated/0/WhatsApp/Media/WhatsApp" failed: No such file or directory (2)
rsync error: some files/attrs were not transferred (see previous errors) (code 23) at main.c(1338) [sender=3.4.1]
rsync: [sender] link_stat "/storage/emulated/0/WhatsApp/Media/WhatsApp" failed: No such file or directory (2)
rsync error: some files/attrs were not transferred (see previous errors) (code 23) at main.c(1338) [sender=3.4.1]
rsync: [sender] link_stat "/storage/emulated/0/WhatsApp/Media/WhatsApp" failed: No such file or directory (2)
rsync error: some files/attrs were not transferred (see previous errors) (code 23) at main.c(1338) [sender=3.4.1]
rsync: [sender] link_stat "/storage/emulated/0/WhatsApp/Media/WhatsApp" failed: No such file or directory (2)
rsync error: some files/attrs were not transferred (see previous errors) (code 23) at main.c(1338) [sender=3.4.1]
rsync: [sender] link_stat "/storage/emulated/0/WhatsApp/Media/WhatsApp" failed: No such file or directory (2)
rsync error: some files/attrs were not transferred (see previous errors) (code 23) at main.c(1338) [sender=3.4.1]
rsync: [sender] link_stat "/storage/emulated/0/WhatsApp/Media/WhatsApp" failed: No such file or directory (2)
rsync error: some files/attrs were not transferred (see previous errors) (code 23) at main.c(1338) [sender=3.4.1]
rsync: [sender] link_stat "/storage/emulated/0/WhatsApp/Media/WhatsApp" failed: No such file or directory (2)
rsync error: some files/attrs were not transferred (see previous errors) (code 23) at main.c(1338) [sender=3.4.1]
rsync: [sender] link_stat "/storage/emulated/0/WhatsApp/Media/WhatsApp" failed: No such file or directory (2)
rsync error: some files/attrs were not transferred (see previous errors) (code 23) at main.c(1338) [sender=3.4.1]
rsync: [sender] link_stat "/storage/emulated/0/WhatsApp/Media/WhatsApp" failed: No such file or directory (2)
rsync error: some files/attrs were not transferred (see previous errors) (code 23) at main.c(1338) [sender=3.4.1]
rsync: [sender] link_stat "/storage/emulated/0/WhatsApp/Media/WhatsApp" failed: No such file or directory (2)
rsync error: some files/attrs were not transferred (see previous errors) (code 23) at main.c(1338) [sender=3.4.1]
rsync: [sender] link_stat "/storage/emulated/0/WhatsApp/Media/WhatsApp" failed: No such file or directory (2)
rsync error: some files/attrs were not transferred (see previous errors) (code 23) at main.c(1338) [sender=3.4.1]
rsync: [sender] link_stat "/storage/emulated/0/WhatsApp/Media/WhatsApp" failed: No such file or directory (2)
rsync error: some files/attrs were not transferred (see previous errors) (code 23) at main.c(1338) [sender=3.4.1]
rsync: [sender] link_stat "/storage/emulated/0/WhatsApp/Media/WhatsApp" failed: No such file or directory (2)
rsync error: some files/attrs were not transferred (see previous errors) (code 23) at main.c(1338) [sender=3.4.1]
rsync error: received SIGINT, SIGTERM, or SIGHUP (code 20) at rsync.c(716) [sender=3.4.1]
rsync error: received SIGINT, SIGTERM, or SIGHUP (code 20) at rsync.c(716) [sender=3.4.1]
rsync error: received SIGUSR1 (code 19) at main.c(1600) [generator=3.4.1]
rsync error: received SIGINT, SIGTERM, or SIGHUP (code 20) at rsync.c(716) [sender=3.4.1]
rsync error: received SIGINT, SIGTERM, or SIGHUP (code 20) at rsync.c(716) [Receiver=3.4.1]
rsync error: received SIGINT, SIGTERM, or SIGHUP (code 20) at rsync.c(716) [sender=3.4.1]
rsync error: received SIGINT, SIGTERM, or SIGHUP (code 20) at rsync.c(716) [sender=3.4.1]
rsync error: received SIGUSR1 (code 19) at main.c(1600) [generator=3.4.1]
rsync error: received SIGINT, SIGTERM, or SIGHUP (code 20) at rsync.c(716) [sender=3.4.1]
rsync error: received SIGINT, SIGTERM, or SIGHUP (code 20) at io.c(519) [generator=3.4.1]
rsync error: received SIGINT, SIGTERM, or SIGHUP (code 20) at rsync.c(716) [sender=3.4.1]
rsync error: received SIGINT, SIGTERM, or SIGHUP (code 20) at rsync.c(716) [sender=3.4.1]
rsync error: received SIGINT, SIGTERM, or SIGHUP (code 20) at rsync.c(716) [sender=3.4.1]
rsync error: received SIGUSR1 (code 19) at main.c(1600) [generator=3.4.1]
rsync error: received SIGINT, SIGTERM, or SIGHUP (code 20) at rsync.c(716) [sender=3.4.1]
rsync error: received SIGINT, SIGTERM, or SIGHUP (code 20) at rsync.c(716) [sender=3.4.1]
rsync error: received SIGUSR1 (code 19) at main.c(1600) [generator=3.4.1]
